INFO [2020-01-20 10:59:50] $x
INFO [2020-01-20 10:59:50] set
INFO [2020-01-20 10:59:50] 
INFO [2020-01-20 10:59:50] $filename
INFO [2020-01-20 10:59:50] NULL
INFO [2020-01-20 10:59:50] 
INFO [2020-01-20 10:59:50] $cat.cex
INFO [2020-01-20 10:59:50] [1] 1.5
INFO [2020-01-20 10:59:50] 
INFO [2020-01-20 10:59:50] $alpha
INFO [2020-01-20 10:59:50] [1] 0.5
INFO [2020-01-20 10:59:50] 
INFO [2020-01-20 10:59:50] $col
INFO [2020-01-20 10:59:50] [1] "black"
INFO [2020-01-20 10:59:50] 
INFO [2020-01-20 10:59:50] $fill
INFO [2020-01-20 10:59:50] c("dodgerblue", "goldenrod1", "darkorange1", "seagreen3", "orchid3")
INFO [2020-01-20 10:59:50] 
INFO [2020-01-20 10:59:50] $cex
INFO [2020-01-20 10:59:50] c(1.5, 1.5, 1.5, 1.5, 1.5, 1, 0.8, 1, 0.8, 1, 0.8, 1, 0.8, 1, 
INFO [2020-01-20 10:59:50]     0.8, 1, 0.55, 1, 0.55, 1, 0.55, 1, 0.55, 1, 0.55, 1, 1, 1, 
INFO [2020-01-20 10:59:50]     1, 1, 1.5)
INFO [2020-01-20 10:59:50] 
INFO [2020-01-20 10:59:50] $cat.col
INFO [2020-01-20 10:59:50] c("dodgerblue", "goldenrod1", "darkorange1", "seagreen3", "orchid3")
INFO [2020-01-20 10:59:50] 
INFO [2020-01-20 10:59:50] $cat.fontface
INFO [2020-01-20 10:59:50] [1] "bold"
INFO [2020-01-20 10:59:50] 
INFO [2020-01-20 10:59:50] $margin
INFO [2020-01-20 10:59:50] [1] 0.05
INFO [2020-01-20 10:59:50] 
